<?xml version="1.0" encoding="UTF-8"?>
<!-- Generated by org.testng.reporters.JUnitXMLReporter -->
<testsuite ignored="0" hostname="Buddhima-Kaushalya" failures="5" tests="6" name="Surefire test" time="2.95" errors="0" timestamp="2024-12-23T11:45:32 IST">
  <testcase classname="io.cucumber.testng.AbstractTestNGCucumberTests" name="runScenario" time="2.287"/>
  <testcase classname="io.cucumber.testng.AbstractTestNGCucumberTests" name="runScenario" time="2.285">
    <failure type="java.lang.AssertionError" message="Delete request status code does not match expected:&amp;lt;401&amp;gt; but was:&amp;lt;200&amp;gt;">
      <![CDATA[java.lang.AssertionError: Delete request status code does not match expected:<401> but was:<200>
at com.APIAutomation.stepdefinitions.delete.BookDeletionStepDefinition.verify_status_code(BookDeletionStepDefinition.java:63)
at ✽.the response delete status code should be 401(file:///D:/IT%20Quality%20Assuarance/Assignment/ITQA-API-Testing/src/test/resources/features/delete_books.feature:13)
... Removed 4 stack frames]]>
    </failure>
  </testcase> <!-- runScenario -->
  <testcase classname="io.cucumber.testng.AbstractTestNGCucumberTests" name="runScenario" time="2.285">
    <failure type="java.lang.AssertionError" message="Delete request status code does not match expected:&amp;lt;200&amp;gt; but was:&amp;lt;403&amp;gt;">
      <![CDATA[java.lang.AssertionError: Delete request status code does not match expected:<200> but was:<403>
at com.APIAutomation.stepdefinitions.delete.BookDeletionStepDefinition.verify_status_code(BookDeletionStepDefinition.java:63)
at ✽.the response delete status code should be 200(file:///D:/IT%20Quality%20Assuarance/Assignment/ITQA-API-Testing/src/test/resources/features/delete_books.feature:7)
... Removed 4 stack frames]]>
    </failure>
  </testcase> <!-- runScenario -->
  <testcase classname="io.cucumber.testng.AbstractTestNGCucumberTests" name="runScenario" time="2.309">
    <failure type="java.lang.AssertionError" message="Unexpected status code. Response body: Book Already Exists expected [201] but found [208]">
      <![CDATA[java.lang.AssertionError: Unexpected status code. Response body: Book Already Exists expected [201] but found [208]
at com.APIAutomation.stepdefinitions.post.PostBooksStepDefinitions.verifyStatusCode(PostBooksStepDefinitions.java:63)
at ✽.the response status code should be 201(file:///D:/IT%20Quality%20Assuarance/Assignment/ITQA-API-Testing/src/test/resources/features/create_books.feature:9)
... Removed 6 stack frames]]>
    </failure>
  </testcase> <!-- runScenario -->
  <testcase classname="io.cucumber.testng.AbstractTestNGCucumberTests" name="runScenario" time="2.309">
    <failure type="java.lang.AssertionError" message="Unexpected status code. Response body: Book Already Exists expected [201] but found [208]">
      <![CDATA[java.lang.AssertionError: Unexpected status code. Response body: Book Already Exists expected [201] but found [208]
at com.APIAutomation.stepdefinitions.post.PostBooksStepDefinitions.verifyStatusCode(PostBooksStepDefinitions.java:63)
at ✽.the response status code should be 201(file:///D:/IT%20Quality%20Assuarance/Assignment/ITQA-API-Testing/src/test/resources/features/create_books.feature:9)
... Removed 6 stack frames]]>
    </failure>
  </testcase> <!-- runScenario -->
  <testcase classname="io.cucumber.testng.AbstractTestNGCucumberTests" name="runScenario" time="2.311">
    <failure type="java.lang.AssertionError" message="Unexpected status code. Response body: Book Already Exists expected [201] but found [208]">
      <![CDATA[java.lang.AssertionError: Unexpected status code. Response body: Book Already Exists expected [201] but found [208]
at com.APIAutomation.stepdefinitions.post.PostBooksStepDefinitions.verifyStatusCode(PostBooksStepDefinitions.java:63)
at ✽.the response status code should be 201(file:///D:/IT%20Quality%20Assuarance/Assignment/ITQA-API-Testing/src/test/resources/features/create_books.feature:9)
... Removed 6 stack frames]]>
    </failure>
  </testcase> <!-- runScenario -->
</testsuite> <!-- Surefire test -->
