<?xml version="1.0" encoding="UTF-8"?>
<!-- Generated by org.testng.reporters.JUnitXMLReporter -->
<testsuite ignored="0" hostname="Buddhima-Kaushalya" failures="2" tests="6" name="Default test" time="4.628" errors="0" timestamp="2024-12-23T11:41:35 IST">
  <testcase classname="io.cucumber.testng.AbstractTestNGCucumberTests" name="runScenario" time="2.952">
    <failure type="java.lang.AssertionError" message="Delete request status code does not match expected:&amp;lt;200&amp;gt; but was:&amp;lt;401&amp;gt;">
      <![CDATA[java.lang.AssertionError: Delete request status code does not match expected:<200> but was:<401>
at org.testng.AssertJUnit.fail(AssertJUnit.java:65)
at org.testng.AssertJUnit.failNotEquals(AssertJUnit.java:467)
at org.testng.AssertJUnit.assertEquals(AssertJUnit.java:88)
at org.testng.AssertJUnit.assertEquals(AssertJUnit.java:318)
at com.APIAutomation.stepdefinitions.delete.BookDeletionStepDefinition.verify_status_code(BookDeletionStepDefinition.java:63)
at ✽.the response delete status code should be 200(file:///D:/IT%20Quality%20Assuarance/Assignment/ITQA-API-Testing/src/test/resources/features/delete_books.feature:7)
]]>
    </failure>
  </testcase> <!-- runScenario -->
  <testcase classname="io.cucumber.testng.AbstractTestNGCucumberTests" name="runScenario" time="3.141"/>
  <testcase classname="io.cucumber.testng.AbstractTestNGCucumberTests" name="runScenario" time="3.352">
    <failure type="java.lang.AssertionError" message="Delete request status code does not match expected:&amp;lt;401&amp;gt; but was:&amp;lt;404&amp;gt;">
      <![CDATA[java.lang.AssertionError: Delete request status code does not match expected:<401> but was:<404>
at org.testng.AssertJUnit.fail(AssertJUnit.java:65)
at org.testng.AssertJUnit.failNotEquals(AssertJUnit.java:467)
at org.testng.AssertJUnit.assertEquals(AssertJUnit.java:88)
at org.testng.AssertJUnit.assertEquals(AssertJUnit.java:318)
at com.APIAutomation.stepdefinitions.delete.BookDeletionStepDefinition.verify_status_code(BookDeletionStepDefinition.java:63)
at ✽.the response delete status code should be 401(file:///D:/IT%20Quality%20Assuarance/Assignment/ITQA-API-Testing/src/test/resources/features/delete_books.feature:13)
]]>
    </failure>
  </testcase> <!-- runScenario -->
  <testcase classname="io.cucumber.testng.AbstractTestNGCucumberTests" name="runScenario" time="3.777"/>
  <testcase classname="io.cucumber.testng.AbstractTestNGCucumberTests" name="runScenario" time="3.777"/>
  <testcase classname="io.cucumber.testng.AbstractTestNGCucumberTests" name="runScenario" time="3.777"/>
</testsuite> <!-- Default test -->
