{"uuid":"01eb38f4-a4ba-4f4f-9e02-8db844d78b93","historyId":"b8d9e53374d8368ba84894a185d92257","fullName":"src/test/resources/features/5updateM2.feature:12","labels":[{"name":"tag","value":"UpdateBookMember2"},{"name":"host","value":"DESKTOP-6VA702V"},{"name":"thread","value":"26488@DESKTOP-6VA702V.TestNG-PoolService-3(36)"},{"name":"feature","value":"Book Update Scenarios by Member2"},{"name":"story","value":"Book Update by Different validation Types Member2"},{"name":"suite","value":"Book Update Scenarios by Member2"},{"name":"testClass","value":"Book Update by Different validation Types Member2"},{"name":"framework","value":"cucumber4jvm"},{"name":"language","value":"java"},{"name":"gherkin_uri","value":"file:///E:/Github%20Desktop/ITQA-API-Testing/src/test/resources/features/5updateM2.feature"},{"name":"package","value":"src.test.resources.features.5updateM2_feature.Book Update Scenarios by Member2"}],"links":[],"name":"Book Update by Different validation Types Member2","status":"failed","statusDetails":{"known":false,"muted":false,"flaky":false,"message":"Unexpected status code. Response body: User is not permitted. expected [422] but found [403]","trace":"java.lang.AssertionError: Unexpected status code. Response body: User is not permitted. expected [422] but found [403]\r\n\tat org.testng.Assert.fail(Assert.java:111)\r\n\tat org.testng.Assert.failNotEquals(Assert.java:1578)\r\n\tat org.testng.Assert.assertEqualsImpl(Assert.java:150)\r\n\tat org.testng.Assert.assertEquals(Assert.java:132)\r\n\tat org.testng.Assert.assertEquals(Assert.java:1419)\r\n\tat org.testng.Assert.assertEquals(Assert.java:1383)\r\n\tat com.APIAutomation.stepdefinitions.update.BookUpdateM2StepDefinition.verifyStatusCode(BookUpdateM2StepDefinition.java:77)\r\n\tat ✽.the response status code should be 422 for put Member2(file:///E:/Github%20Desktop/ITQA-API-Testing/src/test/resources/features/5updateM2.feature:8)\r\n"},"stage":"finished","steps":[{"name":"Given  I am logged in as \"user\" with password \"password\" to update as \"user\" Member2","status":"passed","statusDetails":{"known":false,"muted":false,"flaky":false},"stage":"finished","steps":[],"attachments":[],"parameters":[],"start":1735717806810,"stop":1735717806810},{"name":"When  I send a PUT request to \"/api/books/2\" with the following data Member2:","status":"passed","statusDetails":{"known":false,"muted":false,"flaky":false},"stage":"finished","steps":[],"attachments":[{"name":"Data table","source":"0be3692c-7aa3-40f9-8b59-53fccb5459bb-attachment.csv","type":"text/tab-separated-values"}],"parameters":[],"start":1735717806811,"stop":1735717806951},{"name":"Then  the response status code should be 422 for put Member2","status":"failed","statusDetails":{"known":false,"muted":false,"flaky":false,"message":"Unexpected status code. Response body: User is not permitted. expected [422] but found [403]","trace":"java.lang.AssertionError: Unexpected status code. Response body: User is not permitted. expected [422] but found [403]\r\n\tat org.testng.Assert.fail(Assert.java:111)\r\n\tat org.testng.Assert.failNotEquals(Assert.java:1578)\r\n\tat org.testng.Assert.assertEqualsImpl(Assert.java:150)\r\n\tat org.testng.Assert.assertEquals(Assert.java:132)\r\n\tat org.testng.Assert.assertEquals(Assert.java:1419)\r\n\tat org.testng.Assert.assertEquals(Assert.java:1383)\r\n\tat com.APIAutomation.stepdefinitions.update.BookUpdateM2StepDefinition.verifyStatusCode(BookUpdateM2StepDefinition.java:77)\r\n\tat ✽.the response status code should be 422 for put Member2(file:///E:/Github%20Desktop/ITQA-API-Testing/src/test/resources/features/5updateM2.feature:8)\r\n"},"stage":"finished","steps":[],"attachments":[],"parameters":[],"start":1735717806951,"stop":1735717806959}],"attachments":[],"parameters":[{"name":"username","value":"user"},{"name":"password","value":"password"},{"name":"userType","value":"user"},{"name":"bookId","value":"2"},{"name":"bookTitle","value":"The Alchemist    s2"},{"name":"bookAuthor","value":""},{"name":"expectedStatusCode","value":"422"}],"start":1735717806808,"stop":1735717806961}