{"uuid":"035ebac3-624c-4574-8775-8f7bce5ea7ff","historyId":"277c03d8ad2dde137934a7c24cda2ffd","fullName":"src/test/resources/features/5updateM2.feature:27","labels":[{"name":"tag","value":"UpdateBookMember2"},{"name":"host","value":"DESKTOP-6VA702V"},{"name":"thread","value":"23480@DESKTOP-6VA702V.TestNG-PoolService-5(38)"},{"name":"feature","value":"Book Update Scenarios by Member2"},{"name":"story","value":"Update Book with Validation Errors Member2"},{"name":"suite","value":"Book Update Scenarios by Member2"},{"name":"testClass","value":"Update Book with Validation Errors Member2"},{"name":"framework","value":"cucumber4jvm"},{"name":"language","value":"java"},{"name":"gherkin_uri","value":"file:///E:/Github%20Desktop/ITQA-API-Testing/src/test/resources/features/5updateM2.feature"},{"name":"package","value":"src.test.resources.features.5updateM2_feature.Book Update Scenarios by Member2"}],"links":[],"name":"Update Book with Validation Errors Member2","status":"failed","statusDetails":{"known":false,"muted":false,"flaky":false,"message":"Unexpected status code. Response body: Book Already Exists expected [422] but found [208]","trace":"java.lang.AssertionError: Unexpected status code. Response body: Book Already Exists expected [422] but found [208]\r\n\tat org.testng.Assert.fail(Assert.java:111)\r\n\tat org.testng.Assert.failNotEquals(Assert.java:1578)\r\n\tat org.testng.Assert.assertEqualsImpl(Assert.java:150)\r\n\tat org.testng.Assert.assertEquals(Assert.java:132)\r\n\tat org.testng.Assert.assertEquals(Assert.java:1419)\r\n\tat org.testng.Assert.assertEquals(Assert.java:1383)\r\n\tat com.APIAutomation.stepdefinitions.update.BookUpdateM2StepDefinition.verifyStatusCode(BookUpdateM2StepDefinition.java:77)\r\n\tat ✽.the response status code should be 422 for put Member2(file:///E:/Github%20Desktop/ITQA-API-Testing/src/test/resources/features/5updateM2.feature:21)\r\n"},"stage":"finished","steps":[{"name":"Given  I am logged in as \"admin\" with password \"password\" to update as admin Member2","status":"passed","statusDetails":{"known":false,"muted":false,"flaky":false},"stage":"finished","steps":[],"attachments":[],"parameters":[],"start":1735717964353,"stop":1735717964354},{"name":"When  I send a PUT request to \"/api/books/3\" with the following data Member2:","status":"passed","statusDetails":{"known":false,"muted":false,"flaky":false},"stage":"finished","steps":[],"attachments":[{"name":"Data table","source":"330974bb-6e22-4828-900d-4270ad78c287-attachment.csv","type":"text/tab-separated-values"}],"parameters":[],"start":1735717964354,"stop":1735717964481},{"name":"Then  the response status code should be 422 for put Member2","status":"failed","statusDetails":{"known":false,"muted":false,"flaky":false,"message":"Unexpected status code. Response body: Book Already Exists expected [422] but found [208]","trace":"java.lang.AssertionError: Unexpected status code. Response body: Book Already Exists expected [422] but found [208]\r\n\tat org.testng.Assert.fail(Assert.java:111)\r\n\tat org.testng.Assert.failNotEquals(Assert.java:1578)\r\n\tat org.testng.Assert.assertEqualsImpl(Assert.java:150)\r\n\tat org.testng.Assert.assertEquals(Assert.java:132)\r\n\tat org.testng.Assert.assertEquals(Assert.java:1419)\r\n\tat org.testng.Assert.assertEquals(Assert.java:1383)\r\n\tat com.APIAutomation.stepdefinitions.update.BookUpdateM2StepDefinition.verifyStatusCode(BookUpdateM2StepDefinition.java:77)\r\n\tat ✽.the response status code should be 422 for put Member2(file:///E:/Github%20Desktop/ITQA-API-Testing/src/test/resources/features/5updateM2.feature:21)\r\n"},"stage":"finished","steps":[],"attachments":[],"parameters":[],"start":1735717964481,"stop":1735717964483}],"attachments":[],"parameters":[{"name":"bookTitle","value":""},{"name":"bookAuthor","value":""},{"name":"expectedStatusCode","value":"422"}],"start":1735717964332,"stop":1735717964486}