{"uuid":"1f0c9805-6881-484c-b8f0-c0096669149d","historyId":"fe33970c4c8c8e9bc147602866583e4e","fullName":"src/test/resources/features/4updateM1.feature:12","labels":[{"name":"tag","value":"UpdateBookMember1"},{"name":"host","value":"DESKTOP-6VA702V"},{"name":"thread","value":"14404@DESKTOP-6VA702V.TestNG-PoolService-6(39)"},{"name":"feature","value":"Book Update Scenarios by Member1"},{"name":"story","value":"Book Update by Different User Types"},{"name":"suite","value":"Book Update Scenarios by Member1"},{"name":"testClass","value":"Book Update by Different User Types"},{"name":"framework","value":"cucumber4jvm"},{"name":"language","value":"java"},{"name":"gherkin_uri","value":"file:///E:/Github%20Desktop/ITQA-API-Testing/src/test/resources/features/4updateM1.feature"},{"name":"package","value":"src.test.resources.features.4updateM1_feature.Book Update Scenarios by Member1"}],"links":[],"name":"Book Update by Different User Types","status":"failed","statusDetails":{"known":false,"muted":false,"flaky":false,"message":"Unexpected status code. Response body: Book not found expected [200] but found [404]","trace":"java.lang.AssertionError: Unexpected status code. Response body: Book not found expected [200] but found [404]\r\n\tat org.testng.Assert.fail(Assert.java:111)\r\n\tat org.testng.Assert.failNotEquals(Assert.java:1578)\r\n\tat org.testng.Assert.assertEqualsImpl(Assert.java:150)\r\n\tat org.testng.Assert.assertEquals(Assert.java:132)\r\n\tat org.testng.Assert.assertEquals(Assert.java:1419)\r\n\tat org.testng.Assert.assertEquals(Assert.java:1383)\r\n\tat com.APIAutomation.stepdefinitions.update.BookUpdateM1StepDefinitions.verifyStatusCode(BookUpdateM1StepDefinitions.java:81)\r\n\tat ✽.the response status code should be 200 for put Member1(file:///E:/Github%20Desktop/ITQA-API-Testing/src/test/resources/features/4updateM1.feature:8)\r\n"},"stage":"finished","steps":[{"name":"Given  I am logged in as \"admin\" with password \"password\" to update as \"admin\" Member1","status":"passed","statusDetails":{"known":false,"muted":false,"flaky":false},"stage":"finished","steps":[],"attachments":[],"parameters":[],"start":1735718181051,"stop":1735718181058},{"name":"When  I send a PUT request to \"/api/books/2\" with the following data Member1:","status":"passed","statusDetails":{"known":false,"muted":false,"flaky":false},"stage":"finished","steps":[],"attachments":[{"name":"Data table","source":"8de768cd-d470-41ba-acb8-cbbd88d649df-attachment.csv","type":"text/tab-separated-values"}],"parameters":[],"start":1735718181067,"stop":1735718182984},{"name":"Then  the response status code should be 200 for put Member1","status":"failed","statusDetails":{"known":false,"muted":false,"flaky":false,"message":"Unexpected status code. Response body: Book not found expected [200] but found [404]","trace":"java.lang.AssertionError: Unexpected status code. Response body: Book not found expected [200] but found [404]\r\n\tat org.testng.Assert.fail(Assert.java:111)\r\n\tat org.testng.Assert.failNotEquals(Assert.java:1578)\r\n\tat org.testng.Assert.assertEqualsImpl(Assert.java:150)\r\n\tat org.testng.Assert.assertEquals(Assert.java:132)\r\n\tat org.testng.Assert.assertEquals(Assert.java:1419)\r\n\tat org.testng.Assert.assertEquals(Assert.java:1383)\r\n\tat com.APIAutomation.stepdefinitions.update.BookUpdateM1StepDefinitions.verifyStatusCode(BookUpdateM1StepDefinitions.java:81)\r\n\tat ✽.the response status code should be 200 for put Member1(file:///E:/Github%20Desktop/ITQA-API-Testing/src/test/resources/features/4updateM1.feature:8)\r\n"},"stage":"finished","steps":[],"attachments":[],"parameters":[],"start":1735718182984,"stop":1735718182986}],"attachments":[],"parameters":[{"name":"username","value":"admin"},{"name":"password","value":"password"},{"name":"userType","value":"admin"},{"name":"bookId","value":"2"},{"name":"bookTitle","value":"Brave New World 12345"},{"name":"bookAuthor","value":"Aldous Huxley 15"},{"name":"expectedStatusCode","value":"200"}],"start":1735718180730,"stop":1735718182986}