{"uuid":"29f5fe74-9930-46d7-8549-14f4d7375cd9","historyId":"45d4614cf9e25c820d8cc6cf206f5f85","fullName":"src/test/resources/features/1create_books.feature:22","labels":[{"name":"tag","value":"CreateBook"},{"name":"host","value":"DESKTOP-6VA702V"},{"name":"thread","value":"14588@DESKTOP-6VA702V.TestNG-PoolService-5(38)"},{"name":"feature","value":"Book Creation Scenarios"},{"name":"story","value":"Create Book with Missing Author"},{"name":"suite","value":"Book Creation Scenarios"},{"name":"testClass","value":"Create Book with Missing Author"},{"name":"framework","value":"cucumber4jvm"},{"name":"language","value":"java"},{"name":"gherkin_uri","value":"file:///E:/Github%20Desktop/ITQA-API-Testing/src/test/resources/features/1create_books.feature"},{"name":"package","value":"src.test.resources.features.1create_books_feature.Book Creation Scenarios"}],"links":[],"name":"Create Book with Missing Author","status":"failed","statusDetails":{"known":false,"muted":false,"flaky":false,"message":"Unexpected status code. Response body: {\"id\":5,\"title\":\"Missing Author\",\"author\":null} expected [422] but found [201]","trace":"java.lang.AssertionError: Unexpected status code. Response body: {\"id\":5,\"title\":\"Missing Author\",\"author\":null} expected [422] but found [201]\r\n\tat org.testng.Assert.fail(Assert.java:111)\r\n\tat org.testng.Assert.failNotEquals(Assert.java:1578)\r\n\tat org.testng.Assert.assertEqualsImpl(Assert.java:150)\r\n\tat org.testng.Assert.assertEquals(Assert.java:132)\r\n\tat org.testng.Assert.assertEquals(Assert.java:1419)\r\n\tat org.testng.Assert.assertEquals(Assert.java:1383)\r\n\tat com.APIAutomation.stepdefinitions.post.PostBooksStepDefinitions.verifyStatusCode(PostBooksStepDefinitions.java:63)\r\n\tat ✽.the response status code should be 422(file:///E:/Github%20Desktop/ITQA-API-Testing/src/test/resources/features/1create_books.feature:27)\r\n"},"stage":"finished","steps":[{"name":"Given  I am logged in as \"admin\" with password \"password\" to post as admin","status":"passed","statusDetails":{"known":false,"muted":false,"flaky":false},"stage":"finished","steps":[],"attachments":[],"parameters":[],"start":1735718424319,"stop":1735718424323},{"name":"When  I send a POST request to \"/api/books\" with the following data:","status":"passed","statusDetails":{"known":false,"muted":false,"flaky":false},"stage":"finished","steps":[],"attachments":[{"name":"Data table","source":"e2dbf467-48c8-4d24-b869-d65a0151400f-attachment.csv","type":"text/tab-separated-values"}],"parameters":[],"start":1735718424330,"stop":1735718426373},{"name":"Then  the response status code should be 422","status":"failed","statusDetails":{"known":false,"muted":false,"flaky":false,"message":"Unexpected status code. Response body: {\"id\":5,\"title\":\"Missing Author\",\"author\":null} expected [422] but found [201]","trace":"java.lang.AssertionError: Unexpected status code. Response body: {\"id\":5,\"title\":\"Missing Author\",\"author\":null} expected [422] but found [201]\r\n\tat org.testng.Assert.fail(Assert.java:111)\r\n\tat org.testng.Assert.failNotEquals(Assert.java:1578)\r\n\tat org.testng.Assert.assertEqualsImpl(Assert.java:150)\r\n\tat org.testng.Assert.assertEquals(Assert.java:132)\r\n\tat org.testng.Assert.assertEquals(Assert.java:1419)\r\n\tat org.testng.Assert.assertEquals(Assert.java:1383)\r\n\tat com.APIAutomation.stepdefinitions.post.PostBooksStepDefinitions.verifyStatusCode(PostBooksStepDefinitions.java:63)\r\n\tat ✽.the response status code should be 422(file:///E:/Github%20Desktop/ITQA-API-Testing/src/test/resources/features/1create_books.feature:27)\r\n"},"stage":"finished","steps":[],"attachments":[],"parameters":[],"start":1735718426374,"stop":1735718426380}],"attachments":[],"parameters":[],"start":1735718423988,"stop":1735718426382}