{"uuid":"39f924bd-726c-451c-8c8e-198628f5bd01","historyId":"e0dc43cbbc81b929ce1bfbd198e7d3e2","fullName":"src/test/resources/features/5updateM2.feature:26","labels":[{"name":"tag","value":"UpdateBookMember2"},{"name":"host","value":"DESKTOP-6VA702V"},{"name":"thread","value":"23480@DESKTOP-6VA702V.TestNG-PoolService-0(33)"},{"name":"feature","value":"Book Update Scenarios by Member2"},{"name":"story","value":"Update Book with Validation Errors Member2"},{"name":"suite","value":"Book Update Scenarios by Member2"},{"name":"testClass","value":"Update Book with Validation Errors Member2"},{"name":"framework","value":"cucumber4jvm"},{"name":"language","value":"java"},{"name":"gherkin_uri","value":"file:///E:/Github%20Desktop/ITQA-API-Testing/src/test/resources/features/5updateM2.feature"},{"name":"package","value":"src.test.resources.features.5updateM2_feature.Book Update Scenarios by Member2"}],"links":[],"name":"Update Book with Validation Errors Member2","status":"failed","statusDetails":{"known":false,"muted":false,"flaky":false,"message":"Unexpected status code. Response body: Mandatory parameters should not be null expected [422] but found [400]","trace":"java.lang.AssertionError: Unexpected status code. Response body: Mandatory parameters should not be null expected [422] but found [400]\r\n\tat org.testng.Assert.fail(Assert.java:111)\r\n\tat org.testng.Assert.failNotEquals(Assert.java:1578)\r\n\tat org.testng.Assert.assertEqualsImpl(Assert.java:150)\r\n\tat org.testng.Assert.assertEquals(Assert.java:132)\r\n\tat org.testng.Assert.assertEquals(Assert.java:1419)\r\n\tat org.testng.Assert.assertEquals(Assert.java:1383)\r\n\tat com.APIAutomation.stepdefinitions.update.BookUpdateM2StepDefinition.verifyStatusCode(BookUpdateM2StepDefinition.java:77)\r\n\tat ✽.the response status code should be 422 for put Member2(file:///E:/Github%20Desktop/ITQA-API-Testing/src/test/resources/features/5updateM2.feature:21)\r\n"},"stage":"finished","steps":[{"name":"Given  I am logged in as \"admin\" with password \"password\" to update as admin Member2","status":"passed","statusDetails":{"known":false,"muted":false,"flaky":false},"stage":"finished","steps":[],"attachments":[],"parameters":[],"start":1735717964345,"stop":1735717964347},{"name":"When  I send a PUT request to \"/api/books/3\" with the following data Member2:","status":"passed","statusDetails":{"known":false,"muted":false,"flaky":false},"stage":"finished","steps":[],"attachments":[{"name":"Data table","source":"a01fff91-e25e-4090-828a-b6647f8e3a65-attachment.csv","type":"text/tab-separated-values"}],"parameters":[],"start":1735717964349,"stop":1735717964481},{"name":"Then  the response status code should be 422 for put Member2","status":"failed","statusDetails":{"known":false,"muted":false,"flaky":false,"message":"Unexpected status code. Response body: Mandatory parameters should not be null expected [422] but found [400]","trace":"java.lang.AssertionError: Unexpected status code. Response body: Mandatory parameters should not be null expected [422] but found [400]\r\n\tat org.testng.Assert.fail(Assert.java:111)\r\n\tat org.testng.Assert.failNotEquals(Assert.java:1578)\r\n\tat org.testng.Assert.assertEqualsImpl(Assert.java:150)\r\n\tat org.testng.Assert.assertEquals(Assert.java:132)\r\n\tat org.testng.Assert.assertEquals(Assert.java:1419)\r\n\tat org.testng.Assert.assertEquals(Assert.java:1383)\r\n\tat com.APIAutomation.stepdefinitions.update.BookUpdateM2StepDefinition.verifyStatusCode(BookUpdateM2StepDefinition.java:77)\r\n\tat ✽.the response status code should be 422 for put Member2(file:///E:/Github%20Desktop/ITQA-API-Testing/src/test/resources/features/5updateM2.feature:21)\r\n"},"stage":"finished","steps":[],"attachments":[],"parameters":[],"start":1735717964481,"stop":1735717964482}],"attachments":[],"parameters":[{"name":"bookTitle","value":"Missing Author 45"},{"name":"bookAuthor","value":""},{"name":"expectedStatusCode","value":"422"}],"start":1735717964336,"stop":1735717964483}