{"uuid":"5666df1c-f745-4094-842d-1bc333aa1a83","historyId":"9514ebfef16779f811ef8cfa7713f779","fullName":"src/test/resources/features/4updateM1.feature:26","labels":[{"name":"tag","value":"UpdateBookMember1"},{"name":"host","value":"DESKTOP-6VA702V"},{"name":"thread","value":"27812@DESKTOP-6VA702V.TestNG-PoolService-3(36)"},{"name":"feature","value":"Book Update Scenarios by Member1"},{"name":"story","value":"Book Update by Different validation Types"},{"name":"suite","value":"Book Update Scenarios by Member1"},{"name":"testClass","value":"Book Update by Different validation Types"},{"name":"framework","value":"cucumber4jvm"},{"name":"language","value":"java"},{"name":"gherkin_uri","value":"file:///E:/Github%20Desktop/ITQA-API-Testing/src/test/resources/features/4updateM1.feature"},{"name":"package","value":"src.test.resources.features.4updateM1_feature.Book Update Scenarios by Member1"}],"links":[],"name":"Book Update by Different validation Types","status":"failed","statusDetails":{"known":false,"muted":false,"flaky":false,"message":"Unexpected status code. Response body: Mandatory parameters should not be null expected [422] but found [400]","trace":"java.lang.AssertionError: Unexpected status code. Response body: Mandatory parameters should not be null expected [422] but found [400]\r\n\tat org.testng.Assert.fail(Assert.java:111)\r\n\tat org.testng.Assert.failNotEquals(Assert.java:1578)\r\n\tat org.testng.Assert.assertEqualsImpl(Assert.java:150)\r\n\tat org.testng.Assert.assertEquals(Assert.java:132)\r\n\tat org.testng.Assert.assertEquals(Assert.java:1419)\r\n\tat org.testng.Assert.assertEquals(Assert.java:1383)\r\n\tat com.APIAutomation.stepdefinitions.update.BookUpdateM1StepDefinitions.verifyStatusCode(BookUpdateM1StepDefinitions.java:81)\r\n\tat ✽.the response status code should be 422 for put Member1(file:///E:/Github%20Desktop/ITQA-API-Testing/src/test/resources/features/4updateM1.feature:21)\r\n"},"stage":"finished","steps":[{"name":"Given  I am logged in as \"admin\" with password \"password\" to update as \"admin\" Member1","status":"passed","statusDetails":{"known":false,"muted":false,"flaky":false},"stage":"finished","steps":[],"attachments":[],"parameters":[],"start":1735718282801,"stop":1735718282802},{"name":"When  I send a PUT request to \"/api/books/2\" with the following data Member1:","status":"passed","statusDetails":{"known":false,"muted":false,"flaky":false},"stage":"finished","steps":[],"attachments":[{"name":"Data table","source":"27aadb85-09b6-43e8-9536-a64e28cfdc94-attachment.csv","type":"text/tab-separated-values"}],"parameters":[],"start":1735718282802,"stop":1735718282889},{"name":"Then  the response status code should be 422 for put Member1","status":"failed","statusDetails":{"known":false,"muted":false,"flaky":false,"message":"Unexpected status code. Response body: Mandatory parameters should not be null expected [422] but found [400]","trace":"java.lang.AssertionError: Unexpected status code. Response body: Mandatory parameters should not be null expected [422] but found [400]\r\n\tat org.testng.Assert.fail(Assert.java:111)\r\n\tat org.testng.Assert.failNotEquals(Assert.java:1578)\r\n\tat org.testng.Assert.assertEqualsImpl(Assert.java:150)\r\n\tat org.testng.Assert.assertEquals(Assert.java:132)\r\n\tat org.testng.Assert.assertEquals(Assert.java:1419)\r\n\tat org.testng.Assert.assertEquals(Assert.java:1383)\r\n\tat com.APIAutomation.stepdefinitions.update.BookUpdateM1StepDefinitions.verifyStatusCode(BookUpdateM1StepDefinitions.java:81)\r\n\tat ✽.the response status code should be 422 for put Member1(file:///E:/Github%20Desktop/ITQA-API-Testing/src/test/resources/features/4updateM1.feature:21)\r\n"},"stage":"finished","steps":[],"attachments":[],"parameters":[],"start":1735718282889,"stop":1735718282890}],"attachments":[],"parameters":[{"name":"username","value":"admin"},{"name":"password","value":"password"},{"name":"userType","value":"admin"},{"name":"bookId","value":"2"},{"name":"bookTitle","value":"test book"},{"name":"bookAuthor","value":""},{"name":"expectedStatusCode","value":"422"}],"start":1735718282800,"stop":1735718282890}