{"uuid":"805b09e6-e38f-47ff-ae90-6cc35ad24565","historyId":"45d4614cf9e25c820d8cc6cf206f5f85","fullName":"src/test/resources/features/1create_books.feature:22","labels":[{"name":"tag","value":"CreateBook"},{"name":"host","value":"DESKTOP-6VA702V"},{"name":"thread","value":"23684@DESKTOP-6VA702V.TestNG-PoolService-5(38)"},{"name":"feature","value":"Book Creation Scenarios"},{"name":"story","value":"Create Book with Missing Author"},{"name":"suite","value":"Book Creation Scenarios"},{"name":"testClass","value":"Create Book with Missing Author"},{"name":"framework","value":"cucumber4jvm"},{"name":"language","value":"java"},{"name":"gherkin_uri","value":"file:///E:/Github%20Desktop/ITQA-API-Testing/src/test/resources/features/1create_books.feature"},{"name":"package","value":"src.test.resources.features.1create_books_feature.Book Creation Scenarios"}],"links":[],"name":"Create Book with Missing Author","status":"failed","statusDetails":{"known":false,"muted":false,"flaky":false,"message":"Unexpected status code. Response body: {\"id\":5,\"title\":\"Missing Author\",\"author\":null} expected [422] but found [201]","trace":"java.lang.AssertionError: Unexpected status code. Response body: {\"id\":5,\"title\":\"Missing Author\",\"author\":null} expected [422] but found [201]\r\n\tat org.testng.Assert.fail(Assert.java:111)\r\n\tat org.testng.Assert.failNotEquals(Assert.java:1578)\r\n\tat org.testng.Assert.assertEqualsImpl(Assert.java:150)\r\n\tat org.testng.Assert.assertEquals(Assert.java:132)\r\n\tat org.testng.Assert.assertEquals(Assert.java:1419)\r\n\tat org.testng.Assert.assertEquals(Assert.java:1383)\r\n\tat com.APIAutomation.stepdefinitions.post.PostBooksStepDefinitions.verifyStatusCode(PostBooksStepDefinitions.java:63)\r\n\tat ✽.the response status code should be 422(file:///E:/Github%20Desktop/ITQA-API-Testing/src/test/resources/features/1create_books.feature:27)\r\n"},"stage":"finished","steps":[{"name":"Given  I am logged in as \"admin\" with password \"password\" to post as admin","status":"passed","statusDetails":{"known":false,"muted":false,"flaky":false},"stage":"finished","steps":[],"attachments":[],"parameters":[],"start":1735718685675,"stop":1735718685682},{"name":"When  I send a POST request to \"/api/books\" with the following data:","status":"passed","statusDetails":{"known":false,"muted":false,"flaky":false},"stage":"finished","steps":[],"attachments":[{"name":"Data table","source":"570d05e2-f4ac-4e56-b978-0be2b0f0057d-attachment.csv","type":"text/tab-separated-values"}],"parameters":[],"start":1735718685690,"stop":1735718687653},{"name":"Then  the response status code should be 422","status":"failed","statusDetails":{"known":false,"muted":false,"flaky":false,"message":"Unexpected status code. Response body: {\"id\":5,\"title\":\"Missing Author\",\"author\":null} expected [422] but found [201]","trace":"java.lang.AssertionError: Unexpected status code. Response body: {\"id\":5,\"title\":\"Missing Author\",\"author\":null} expected [422] but found [201]\r\n\tat org.testng.Assert.fail(Assert.java:111)\r\n\tat org.testng.Assert.failNotEquals(Assert.java:1578)\r\n\tat org.testng.Assert.assertEqualsImpl(Assert.java:150)\r\n\tat org.testng.Assert.assertEquals(Assert.java:132)\r\n\tat org.testng.Assert.assertEquals(Assert.java:1419)\r\n\tat org.testng.Assert.assertEquals(Assert.java:1383)\r\n\tat com.APIAutomation.stepdefinitions.post.PostBooksStepDefinitions.verifyStatusCode(PostBooksStepDefinitions.java:63)\r\n\tat ✽.the response status code should be 422(file:///E:/Github%20Desktop/ITQA-API-Testing/src/test/resources/features/1create_books.feature:27)\r\n"},"stage":"finished","steps":[],"attachments":[],"parameters":[],"start":1735718687655,"stop":1735718687658}],"attachments":[],"parameters":[],"start":1735718685363,"stop":1735718687666}