{"uuid":"81cbcd6c-4289-4af0-905c-5cf23c5b9ca9","historyId":"6f3e511372795ddb7d564669a71ed9ca","fullName":"src/test/resources/features/1create_books.feature:16","labels":[{"name":"tag","value":"CreateBook"},{"name":"host","value":"DESKTOP-6VA702V"},{"name":"thread","value":"21060@DESKTOP-6VA702V.TestNG-PoolService-4(37)"},{"name":"feature","value":"Book Creation Scenarios"},{"name":"story","value":"Create Book with Missing Title"},{"name":"suite","value":"Book Creation Scenarios"},{"name":"testClass","value":"Create Book with Missing Title"},{"name":"framework","value":"cucumber4jvm"},{"name":"language","value":"java"},{"name":"gherkin_uri","value":"file:///E:/Github%20Desktop/ITQA-API-Testing/src/test/resources/features/1create_books.feature"},{"name":"package","value":"src.test.resources.features.1create_books_feature.Book Creation Scenarios"}],"links":[],"name":"Create Book with Missing Title","status":"failed","statusDetails":{"known":false,"muted":false,"flaky":false,"message":"Unexpected status code. Response body: {\"id\":4,\"title\":null,\"author\":\"Missing Title\"} expected [422] but found [201]","trace":"java.lang.AssertionError: Unexpected status code. Response body: {\"id\":4,\"title\":null,\"author\":\"Missing Title\"} expected [422] but found [201]\r\n\tat org.testng.Assert.fail(Assert.java:111)\r\n\tat org.testng.Assert.failNotEquals(Assert.java:1578)\r\n\tat org.testng.Assert.assertEqualsImpl(Assert.java:150)\r\n\tat org.testng.Assert.assertEquals(Assert.java:132)\r\n\tat org.testng.Assert.assertEquals(Assert.java:1419)\r\n\tat org.testng.Assert.assertEquals(Assert.java:1383)\r\n\tat com.APIAutomation.stepdefinitions.post.PostBooksStepDefinitions.verifyStatusCode(PostBooksStepDefinitions.java:63)\r\n\tat ✽.the response status code should be 422(file:///E:/Github%20Desktop/ITQA-API-Testing/src/test/resources/features/1create_books.feature:21)\r\n"},"stage":"finished","steps":[{"name":"Given  I am logged in as \"admin\" with password \"password\" to post as \"admin\"","status":"passed","statusDetails":{"known":false,"muted":false,"flaky":false},"stage":"finished","steps":[],"attachments":[],"parameters":[],"start":1735718637764,"stop":1735718637772},{"name":"When  I send a POST request to \"/api/books\" with the following data:","status":"passed","statusDetails":{"known":false,"muted":false,"flaky":false},"stage":"finished","steps":[],"attachments":[{"name":"Data table","source":"14362d96-7f0b-4eb0-add5-4aac19b162d8-attachment.csv","type":"text/tab-separated-values"}],"parameters":[],"start":1735718637777,"stop":1735718639865},{"name":"Then  the response status code should be 422","status":"failed","statusDetails":{"known":false,"muted":false,"flaky":false,"message":"Unexpected status code. Response body: {\"id\":4,\"title\":null,\"author\":\"Missing Title\"} expected [422] but found [201]","trace":"java.lang.AssertionError: Unexpected status code. Response body: {\"id\":4,\"title\":null,\"author\":\"Missing Title\"} expected [422] but found [201]\r\n\tat org.testng.Assert.fail(Assert.java:111)\r\n\tat org.testng.Assert.failNotEquals(Assert.java:1578)\r\n\tat org.testng.Assert.assertEqualsImpl(Assert.java:150)\r\n\tat org.testng.Assert.assertEquals(Assert.java:132)\r\n\tat org.testng.Assert.assertEquals(Assert.java:1419)\r\n\tat org.testng.Assert.assertEquals(Assert.java:1383)\r\n\tat com.APIAutomation.stepdefinitions.post.PostBooksStepDefinitions.verifyStatusCode(PostBooksStepDefinitions.java:63)\r\n\tat ✽.the response status code should be 422(file:///E:/Github%20Desktop/ITQA-API-Testing/src/test/resources/features/1create_books.feature:21)\r\n"},"stage":"finished","steps":[],"attachments":[],"parameters":[],"start":1735718639869,"stop":1735718639875}],"attachments":[],"parameters":[],"start":1735718637435,"stop":1735718639876}