{"uuid":"9522f288-cada-4f3b-8d58-2b44f1581b65","historyId":"605651b7a09232ee1bc1ff172407c991","fullName":"src/test/resources/features/1create_books.feature:12","labels":[{"name":"tag","value":"CreateBook"},{"name":"host","value":"DESKTOP-6VA702V"},{"name":"thread","value":"9724@DESKTOP-6VA702V.TestNG-PoolService-0(33)"},{"name":"feature","value":"Book Creation Scenarios"},{"name":"story","value":"Book Creation by Different User Types"},{"name":"suite","value":"Book Creation Scenarios"},{"name":"testClass","value":"Book Creation by Different User Types"},{"name":"framework","value":"cucumber4jvm"},{"name":"language","value":"java"},{"name":"gherkin_uri","value":"file:///E:/Github%20Desktop/ITQA-API-Testing/src/test/resources/features/1create_books.feature"},{"name":"package","value":"src.test.resources.features.1create_books_feature.Book Creation Scenarios"}],"links":[],"name":"Book Creation by Different User Types","status":"failed","statusDetails":{"known":false,"muted":false,"flaky":false,"message":"Unexpected status code. Response body: could not execute statement; SQL [n/a]; constraint [\"PUBLIC.UK_G0286AG1DLT4473ST1UGEMD0M_INDEX_1 ON PUBLIC.BOOK(TITLE NULLS FIRST) VALUES ( /* 1 */ 'The Great Gatsby' )\"; SQL statement:\ninsert into book (author, title, id) values (?, ?, ?) [23505-214]]; nested exception is org.hibernate.exception.ConstraintViolationException: could not execute statement expected [201] but found [400]","trace":"java.lang.AssertionError: Unexpected status code. Response body: could not execute statement; SQL [n/a]; constraint [\"PUBLIC.UK_G0286AG1DLT4473ST1UGEMD0M_INDEX_1 ON PUBLIC.BOOK(TITLE NULLS FIRST) VALUES ( /* 1 */ 'The Great Gatsby' )\"; SQL statement:\ninsert into book (author, title, id) values (?, ?, ?) [23505-214]]; nested exception is org.hibernate.exception.ConstraintViolationException: could not execute statement expected [201] but found [400]\r\n\tat org.testng.Assert.fail(Assert.java:111)\r\n\tat org.testng.Assert.failNotEquals(Assert.java:1578)\r\n\tat org.testng.Assert.assertEqualsImpl(Assert.java:150)\r\n\tat org.testng.Assert.assertEquals(Assert.java:132)\r\n\tat org.testng.Assert.assertEquals(Assert.java:1419)\r\n\tat org.testng.Assert.assertEquals(Assert.java:1383)\r\n\tat com.APIAutomation.stepdefinitions.post.PostBooksStepDefinitions.verifyStatusCode(PostBooksStepDefinitions.java:63)\r\n\tat ✽.the response status code should be 201(file:///E:/Github%20Desktop/ITQA-API-Testing/src/test/resources/features/1create_books.feature:9)\r\n"},"stage":"finished","steps":[{"name":"Given  I am logged in as \"admin\" with password \"password\" to post as \"admin\"","status":"passed","statusDetails":{"known":false,"muted":false,"flaky":false},"stage":"finished","steps":[],"attachments":[],"parameters":[],"start":1735715866399,"stop":1735715866399},{"name":"When  I send a POST request to \"/api/books\" with the following data:","status":"passed","statusDetails":{"known":false,"muted":false,"flaky":false},"stage":"finished","steps":[],"attachments":[{"name":"Data table","source":"7c7d6a87-6aec-48a0-ab25-fd697dcf4a61-attachment.csv","type":"text/tab-separated-values"}],"parameters":[],"start":1735715866399,"stop":1735715868220},{"name":"Then  the response status code should be 201","status":"failed","statusDetails":{"known":false,"muted":false,"flaky":false,"message":"Unexpected status code. Response body: could not execute statement; SQL [n/a]; constraint [\"PUBLIC.UK_G0286AG1DLT4473ST1UGEMD0M_INDEX_1 ON PUBLIC.BOOK(TITLE NULLS FIRST) VALUES ( /* 1 */ 'The Great Gatsby' )\"; SQL statement:\ninsert into book (author, title, id) values (?, ?, ?) [23505-214]]; nested exception is org.hibernate.exception.ConstraintViolationException: could not execute statement expected [201] but found [400]","trace":"java.lang.AssertionError: Unexpected status code. Response body: could not execute statement; SQL [n/a]; constraint [\"PUBLIC.UK_G0286AG1DLT4473ST1UGEMD0M_INDEX_1 ON PUBLIC.BOOK(TITLE NULLS FIRST) VALUES ( /* 1 */ 'The Great Gatsby' )\"; SQL statement:\ninsert into book (author, title, id) values (?, ?, ?) [23505-214]]; nested exception is org.hibernate.exception.ConstraintViolationException: could not execute statement expected [201] but found [400]\r\n\tat org.testng.Assert.fail(Assert.java:111)\r\n\tat org.testng.Assert.failNotEquals(Assert.java:1578)\r\n\tat org.testng.Assert.assertEqualsImpl(Assert.java:150)\r\n\tat org.testng.Assert.assertEquals(Assert.java:132)\r\n\tat org.testng.Assert.assertEquals(Assert.java:1419)\r\n\tat org.testng.Assert.assertEquals(Assert.java:1383)\r\n\tat com.APIAutomation.stepdefinitions.post.PostBooksStepDefinitions.verifyStatusCode(PostBooksStepDefinitions.java:63)\r\n\tat ✽.the response status code should be 201(file:///E:/Github%20Desktop/ITQA-API-Testing/src/test/resources/features/1create_books.feature:9)\r\n"},"stage":"finished","steps":[],"attachments":[],"parameters":[],"start":1735715868222,"stop":1735715868238}],"attachments":[],"parameters":[{"name":"username","value":"admin"},{"name":"password","value":"password"},{"name":"userType","value":"admin"},{"name":"bookTitle","value":"The Great Gatsby"},{"name":"bookAuthor","value":"F. Scott Fitzgerald"},{"name":"expectedStatusCode","value":"201"}],"start":1735715866087,"stop":1735715868240}