{"uuid":"b1cba171-aa7d-4485-956f-0a0866b47a15","historyId":"6f3e511372795ddb7d564669a71ed9ca","fullName":"src/test/resources/features/1create_books.feature:16","labels":[{"name":"tag","value":"CreateBook"},{"name":"host","value":"DESKTOP-6VA702V"},{"name":"thread","value":"6280@DESKTOP-6VA702V.TestNG-PoolService-4(37)"},{"name":"feature","value":"Book Creation Scenarios"},{"name":"story","value":"Create Book with Missing Title"},{"name":"suite","value":"Book Creation Scenarios"},{"name":"testClass","value":"Create Book with Missing Title"},{"name":"framework","value":"cucumber4jvm"},{"name":"language","value":"java"},{"name":"gherkin_uri","value":"file:///E:/Github%20Desktop/ITQA-API-Testing/src/test/resources/features/1create_books.feature"},{"name":"package","value":"src.test.resources.features.1create_books_feature.Book Creation Scenarios"}],"links":[],"name":"Create Book with Missing Title","status":"failed","statusDetails":{"known":false,"muted":false,"flaky":false,"message":"Unexpected status code. Response body: {\"id\":2,\"title\":null,\"author\":\"Missing Title\"} expected [400] but found [201]","trace":"java.lang.AssertionError: Unexpected status code. Response body: {\"id\":2,\"title\":null,\"author\":\"Missing Title\"} expected [400] but found [201]\r\n\tat org.testng.Assert.fail(Assert.java:111)\r\n\tat org.testng.Assert.failNotEquals(Assert.java:1578)\r\n\tat org.testng.Assert.assertEqualsImpl(Assert.java:150)\r\n\tat org.testng.Assert.assertEquals(Assert.java:132)\r\n\tat org.testng.Assert.assertEquals(Assert.java:1419)\r\n\tat org.testng.Assert.assertEquals(Assert.java:1383)\r\n\tat com.APIAutomation.stepdefinitions.post.PostBooksStepDefinitions.verifyStatusCode(PostBooksStepDefinitions.java:63)\r\n\tat ✽.the response status code should be 400(file:///E:/Github%20Desktop/ITQA-API-Testing/src/test/resources/features/1create_books.feature:21)\r\n"},"stage":"finished","steps":[{"name":"Given  I am logged in as \"admin\" with password \"password\" to post as \"admin\"","status":"passed","statusDetails":{"known":false,"muted":false,"flaky":false},"stage":"finished","steps":[],"attachments":[],"parameters":[],"start":1735715640465,"stop":1735715640469},{"name":"When  I send a POST request to \"/api/books\" with the following data:","status":"passed","statusDetails":{"known":false,"muted":false,"flaky":false},"stage":"finished","steps":[],"attachments":[{"name":"Data table","source":"45e911c7-4711-4b25-937d-980c87109605-attachment.csv","type":"text/tab-separated-values"}],"parameters":[],"start":1735715640471,"stop":1735715642368},{"name":"Then  the response status code should be 400","status":"failed","statusDetails":{"known":false,"muted":false,"flaky":false,"message":"Unexpected status code. Response body: {\"id\":2,\"title\":null,\"author\":\"Missing Title\"} expected [400] but found [201]","trace":"java.lang.AssertionError: Unexpected status code. Response body: {\"id\":2,\"title\":null,\"author\":\"Missing Title\"} expected [400] but found [201]\r\n\tat org.testng.Assert.fail(Assert.java:111)\r\n\tat org.testng.Assert.failNotEquals(Assert.java:1578)\r\n\tat org.testng.Assert.assertEqualsImpl(Assert.java:150)\r\n\tat org.testng.Assert.assertEquals(Assert.java:132)\r\n\tat org.testng.Assert.assertEquals(Assert.java:1419)\r\n\tat org.testng.Assert.assertEquals(Assert.java:1383)\r\n\tat com.APIAutomation.stepdefinitions.post.PostBooksStepDefinitions.verifyStatusCode(PostBooksStepDefinitions.java:63)\r\n\tat ✽.the response status code should be 400(file:///E:/Github%20Desktop/ITQA-API-Testing/src/test/resources/features/1create_books.feature:21)\r\n"},"stage":"finished","steps":[],"attachments":[],"parameters":[],"start":1735715642370,"stop":1735715642386}],"attachments":[],"parameters":[],"start":1735715640176,"stop":1735715642390}