{"uuid":"b8be0039-a618-429e-acc2-03e33fe55b8d","historyId":"143ac0e0cd896f2b844d96bffe7d667f","fullName":"src/test/resources/features/5updateM2.feature:25","labels":[{"name":"tag","value":"UpdateBookMember2"},{"name":"host","value":"DESKTOP-6VA702V"},{"name":"thread","value":"26488@DESKTOP-6VA702V.TestNG-PoolService-7(40)"},{"name":"feature","value":"Book Update Scenarios by Member2"},{"name":"story","value":"Update Book with Validation Errors Member2"},{"name":"suite","value":"Book Update Scenarios by Member2"},{"name":"testClass","value":"Update Book with Validation Errors Member2"},{"name":"framework","value":"cucumber4jvm"},{"name":"language","value":"java"},{"name":"gherkin_uri","value":"file:///E:/Github%20Desktop/ITQA-API-Testing/src/test/resources/features/5updateM2.feature"},{"name":"package","value":"src.test.resources.features.5updateM2_feature.Book Update Scenarios by Member2"}],"links":[],"name":"Update Book with Validation Errors Member2","status":"failed","statusDetails":{"known":false,"muted":false,"flaky":false,"message":"Unexpected status code. Response body: Mandatory parameters should not be null expected [422] but found [400]","trace":"java.lang.AssertionError: Unexpected status code. Response body: Mandatory parameters should not be null expected [422] but found [400]\r\n\tat org.testng.Assert.fail(Assert.java:111)\r\n\tat org.testng.Assert.failNotEquals(Assert.java:1578)\r\n\tat org.testng.Assert.assertEqualsImpl(Assert.java:150)\r\n\tat org.testng.Assert.assertEquals(Assert.java:132)\r\n\tat org.testng.Assert.assertEquals(Assert.java:1419)\r\n\tat org.testng.Assert.assertEquals(Assert.java:1383)\r\n\tat com.APIAutomation.stepdefinitions.update.BookUpdateM2StepDefinition.verifyStatusCode(BookUpdateM2StepDefinition.java:77)\r\n\tat ✽.the response status code should be 422 for put Member2(file:///E:/Github%20Desktop/ITQA-API-Testing/src/test/resources/features/5updateM2.feature:21)\r\n"},"stage":"finished","steps":[{"name":"Given  I am logged in as \"admin\" with password \"password\" to update as admin Member2","status":"passed","statusDetails":{"known":false,"muted":false,"flaky":false},"stage":"finished","steps":[],"attachments":[],"parameters":[],"start":1735717807008,"stop":1735717807008},{"name":"When  I send a PUT request to \"/api/books/3\" with the following data Member2:","status":"passed","statusDetails":{"known":false,"muted":false,"flaky":false},"stage":"finished","steps":[],"attachments":[{"name":"Data table","source":"57dea89a-650b-483f-b924-36ec364d25f7-attachment.csv","type":"text/tab-separated-values"}],"parameters":[],"start":1735717807008,"stop":1735717807141},{"name":"Then  the response status code should be 422 for put Member2","status":"failed","statusDetails":{"known":false,"muted":false,"flaky":false,"message":"Unexpected status code. Response body: Mandatory parameters should not be null expected [422] but found [400]","trace":"java.lang.AssertionError: Unexpected status code. Response body: Mandatory parameters should not be null expected [422] but found [400]\r\n\tat org.testng.Assert.fail(Assert.java:111)\r\n\tat org.testng.Assert.failNotEquals(Assert.java:1578)\r\n\tat org.testng.Assert.assertEqualsImpl(Assert.java:150)\r\n\tat org.testng.Assert.assertEquals(Assert.java:132)\r\n\tat org.testng.Assert.assertEquals(Assert.java:1419)\r\n\tat org.testng.Assert.assertEquals(Assert.java:1383)\r\n\tat com.APIAutomation.stepdefinitions.update.BookUpdateM2StepDefinition.verifyStatusCode(BookUpdateM2StepDefinition.java:77)\r\n\tat ✽.the response status code should be 422 for put Member2(file:///E:/Github%20Desktop/ITQA-API-Testing/src/test/resources/features/5updateM2.feature:21)\r\n"},"stage":"finished","steps":[],"attachments":[],"parameters":[],"start":1735717807146,"stop":1735717807148}],"attachments":[],"parameters":[{"name":"bookTitle","value":""},{"name":"bookAuthor","value":"Missing Title 45"},{"name":"expectedStatusCode","value":"422"}],"start":1735717807001,"stop":1735717807149}