{"uuid":"bddc80dc-9292-4372-83c4-3985a1298e42","historyId":"4dcaf2ab28ca158cdf79ae60fabf1e29","fullName":"src/test/resources/features/4updateM1.feature:25","labels":[{"name":"tag","value":"UpdateBookMember1"},{"name":"host","value":"DESKTOP-6VA702V"},{"name":"thread","value":"14588@DESKTOP-6VA702V.TestNG-PoolService-9(42)"},{"name":"feature","value":"Book Update Scenarios by Member1"},{"name":"story","value":"Book Update by Different validation Types"},{"name":"suite","value":"Book Update Scenarios by Member1"},{"name":"testClass","value":"Book Update by Different validation Types"},{"name":"framework","value":"cucumber4jvm"},{"name":"language","value":"java"},{"name":"gherkin_uri","value":"file:///E:/Github%20Desktop/ITQA-API-Testing/src/test/resources/features/4updateM1.feature"},{"name":"package","value":"src.test.resources.features.4updateM1_feature.Book Update Scenarios by Member1"}],"links":[],"name":"Book Update by Different validation Types","status":"failed","statusDetails":{"known":false,"muted":false,"flaky":false,"message":"Unexpected status code. Response body: Mandatory parameters should not be null expected [422] but found [400]","trace":"java.lang.AssertionError: Unexpected status code. Response body: Mandatory parameters should not be null expected [422] but found [400]\r\n\tat org.testng.Assert.fail(Assert.java:111)\r\n\tat org.testng.Assert.failNotEquals(Assert.java:1578)\r\n\tat org.testng.Assert.assertEqualsImpl(Assert.java:150)\r\n\tat org.testng.Assert.assertEquals(Assert.java:132)\r\n\tat org.testng.Assert.assertEquals(Assert.java:1419)\r\n\tat org.testng.Assert.assertEquals(Assert.java:1383)\r\n\tat com.APIAutomation.stepdefinitions.update.BookUpdateM1StepDefinitions.verifyStatusCode(BookUpdateM1StepDefinitions.java:81)\r\n\tat ✽.the response status code should be 422 for put Member1(file:///E:/Github%20Desktop/ITQA-API-Testing/src/test/resources/features/4updateM1.feature:21)\r\n"},"stage":"finished","steps":[{"name":"Given  I am logged in as \"admin\" with password \"password\" to update as \"admin\" Member1","status":"passed","statusDetails":{"known":false,"muted":false,"flaky":false},"stage":"finished","steps":[],"attachments":[],"parameters":[],"start":1735718424313,"stop":1735718424319},{"name":"When  I send a PUT request to \"/api/books/3\" with the following data Member1:","status":"passed","statusDetails":{"known":false,"muted":false,"flaky":false},"stage":"finished","steps":[],"attachments":[{"name":"Data table","source":"07882bee-ba95-44cf-b0ee-5ea83f140b1c-attachment.csv","type":"text/tab-separated-values"}],"parameters":[],"start":1735718424328,"stop":1735718426282},{"name":"Then  the response status code should be 422 for put Member1","status":"failed","statusDetails":{"known":false,"muted":false,"flaky":false,"message":"Unexpected status code. Response body: Mandatory parameters should not be null expected [422] but found [400]","trace":"java.lang.AssertionError: Unexpected status code. Response body: Mandatory parameters should not be null expected [422] but found [400]\r\n\tat org.testng.Assert.fail(Assert.java:111)\r\n\tat org.testng.Assert.failNotEquals(Assert.java:1578)\r\n\tat org.testng.Assert.assertEqualsImpl(Assert.java:150)\r\n\tat org.testng.Assert.assertEquals(Assert.java:132)\r\n\tat org.testng.Assert.assertEquals(Assert.java:1419)\r\n\tat org.testng.Assert.assertEquals(Assert.java:1383)\r\n\tat com.APIAutomation.stepdefinitions.update.BookUpdateM1StepDefinitions.verifyStatusCode(BookUpdateM1StepDefinitions.java:81)\r\n\tat ✽.the response status code should be 422 for put Member1(file:///E:/Github%20Desktop/ITQA-API-Testing/src/test/resources/features/4updateM1.feature:21)\r\n"},"stage":"finished","steps":[],"attachments":[],"parameters":[],"start":1735718426283,"stop":1735718426292}],"attachments":[],"parameters":[{"name":"username","value":"admin"},{"name":"password","value":"password"},{"name":"userType","value":"admin"},{"name":"bookId","value":"3"},{"name":"bookTitle","value":""},{"name":"bookAuthor","value":"Aldous Huxley asda"},{"name":"expectedStatusCode","value":"422"}],"start":1735718423992,"stop":1735718426294}