{"uuid":"c4ffe8d9-aee1-43be-b669-1e180573c25c","historyId":"605651b7a09232ee1bc1ff172407c991","fullName":"src/test/resources/features/1create_books.feature:12","labels":[{"name":"tag","value":"CreateBook"},{"name":"host","value":"DESKTOP-6VA702V"},{"name":"thread","value":"31460@DESKTOP-6VA702V.TestNG-PoolService-0(33)"},{"name":"feature","value":"Book Creation Scenarios"},{"name":"story","value":"Book Creation by Different User Types"},{"name":"suite","value":"Book Creation Scenarios"},{"name":"testClass","value":"Book Creation by Different User Types"},{"name":"framework","value":"cucumber4jvm"},{"name":"language","value":"java"},{"name":"gherkin_uri","value":"file:///E:/Github%20Desktop/ITQA-API-Testing/src/test/resources/features/1create_books.feature"},{"name":"package","value":"src.test.resources.features.1create_books_feature.Book Creation Scenarios"}],"links":[],"name":"Book Creation by Different User Types","status":"failed","statusDetails":{"known":false,"muted":false,"flaky":false,"message":"Unexpected status code. Response body: could not execute statement; SQL [n/a]; constraint [\"PUBLIC.UK_G0286AG1DLT4473ST1UGEMD0M_INDEX_1 ON PUBLIC.BOOK(TITLE NULLS FIRST) VALUES ( /* 3 */ 'The Great Gatsby' )\"; SQL statement:\ninsert into book (author, title, id) values (?, ?, ?) [23505-214]]; nested exception is org.hibernate.exception.ConstraintViolationException: could not execute statement expected [201] but found [400]","trace":"java.lang.AssertionError: Unexpected status code. Response body: could not execute statement; SQL [n/a]; constraint [\"PUBLIC.UK_G0286AG1DLT4473ST1UGEMD0M_INDEX_1 ON PUBLIC.BOOK(TITLE NULLS FIRST) VALUES ( /* 3 */ 'The Great Gatsby' )\"; SQL statement:\ninsert into book (author, title, id) values (?, ?, ?) [23505-214]]; nested exception is org.hibernate.exception.ConstraintViolationException: could not execute statement expected [201] but found [400]\r\n\tat org.testng.Assert.fail(Assert.java:111)\r\n\tat org.testng.Assert.failNotEquals(Assert.java:1578)\r\n\tat org.testng.Assert.assertEqualsImpl(Assert.java:150)\r\n\tat org.testng.Assert.assertEquals(Assert.java:132)\r\n\tat org.testng.Assert.assertEquals(Assert.java:1419)\r\n\tat org.testng.Assert.assertEquals(Assert.java:1383)\r\n\tat com.APIAutomation.stepdefinitions.post.PostBooksStepDefinitions.verifyStatusCode(PostBooksStepDefinitions.java:63)\r\n\tat ✽.the response status code should be 201(file:///E:/Github%20Desktop/ITQA-API-Testing/src/test/resources/features/1create_books.feature:9)\r\n"},"stage":"finished","steps":[{"name":"Given  I am logged in as \"admin\" with password \"password\" to post as \"admin\"","status":"passed","statusDetails":{"known":false,"muted":false,"flaky":false},"stage":"finished","steps":[],"attachments":[],"parameters":[],"start":1735715897371,"stop":1735715897376},{"name":"When  I send a POST request to \"/api/books\" with the following data:","status":"passed","statusDetails":{"known":false,"muted":false,"flaky":false},"stage":"finished","steps":[],"attachments":[{"name":"Data table","source":"0d38a853-af19-4c5b-ae9e-26cd504f5b1d-attachment.csv","type":"text/tab-separated-values"}],"parameters":[],"start":1735715897377,"stop":1735715899271},{"name":"Then  the response status code should be 201","status":"failed","statusDetails":{"known":false,"muted":false,"flaky":false,"message":"Unexpected status code. Response body: could not execute statement; SQL [n/a]; constraint [\"PUBLIC.UK_G0286AG1DLT4473ST1UGEMD0M_INDEX_1 ON PUBLIC.BOOK(TITLE NULLS FIRST) VALUES ( /* 3 */ 'The Great Gatsby' )\"; SQL statement:\ninsert into book (author, title, id) values (?, ?, ?) [23505-214]]; nested exception is org.hibernate.exception.ConstraintViolationException: could not execute statement expected [201] but found [400]","trace":"java.lang.AssertionError: Unexpected status code. Response body: could not execute statement; SQL [n/a]; constraint [\"PUBLIC.UK_G0286AG1DLT4473ST1UGEMD0M_INDEX_1 ON PUBLIC.BOOK(TITLE NULLS FIRST) VALUES ( /* 3 */ 'The Great Gatsby' )\"; SQL statement:\ninsert into book (author, title, id) values (?, ?, ?) [23505-214]]; nested exception is org.hibernate.exception.ConstraintViolationException: could not execute statement expected [201] but found [400]\r\n\tat org.testng.Assert.fail(Assert.java:111)\r\n\tat org.testng.Assert.failNotEquals(Assert.java:1578)\r\n\tat org.testng.Assert.assertEqualsImpl(Assert.java:150)\r\n\tat org.testng.Assert.assertEquals(Assert.java:132)\r\n\tat org.testng.Assert.assertEquals(Assert.java:1419)\r\n\tat org.testng.Assert.assertEquals(Assert.java:1383)\r\n\tat com.APIAutomation.stepdefinitions.post.PostBooksStepDefinitions.verifyStatusCode(PostBooksStepDefinitions.java:63)\r\n\tat ✽.the response status code should be 201(file:///E:/Github%20Desktop/ITQA-API-Testing/src/test/resources/features/1create_books.feature:9)\r\n"},"stage":"finished","steps":[],"attachments":[],"parameters":[],"start":1735715899272,"stop":1735715899292}],"attachments":[],"parameters":[{"name":"username","value":"admin"},{"name":"password","value":"password"},{"name":"userType","value":"admin"},{"name":"bookTitle","value":"The Great Gatsby"},{"name":"bookAuthor","value":"F. Scott Fitzgerald"},{"name":"expectedStatusCode","value":"201"}],"start":1735715897034,"stop":1735715899297}