{"uuid":"d3818fc7-62ca-4224-8e87-9c3ad34f4e76","historyId":"6f3e511372795ddb7d564669a71ed9ca","fullName":"src/test/resources/features/1create_books.feature:16","labels":[{"name":"tag","value":"CreateBook"},{"name":"host","value":"DESKTOP-6VA702V"},{"name":"thread","value":"28696@DESKTOP-6VA702V.TestNG-PoolService-4(37)"},{"name":"feature","value":"Book Creation Scenarios"},{"name":"story","value":"Create Book with Missing Title"},{"name":"suite","value":"Book Creation Scenarios"},{"name":"testClass","value":"Create Book with Missing Title"},{"name":"framework","value":"cucumber4jvm"},{"name":"language","value":"java"},{"name":"gherkin_uri","value":"file:///E:/Github%20Desktop/ITQA-API-Testing/src/test/resources/features/1create_books.feature"},{"name":"package","value":"src.test.resources.features.1create_books_feature.Book Creation Scenarios"}],"links":[],"name":"Create Book with Missing Title","status":"failed","statusDetails":{"known":false,"muted":false,"flaky":false,"message":"Unexpected status code. Response body: {\"id\":2,\"title\":null,\"author\":\"Missing Title\"} expected [400] but found [201]","trace":"java.lang.AssertionError: Unexpected status code. Response body: {\"id\":2,\"title\":null,\"author\":\"Missing Title\"} expected [400] but found [201]\r\n\tat org.testng.Assert.fail(Assert.java:111)\r\n\tat org.testng.Assert.failNotEquals(Assert.java:1578)\r\n\tat org.testng.Assert.assertEqualsImpl(Assert.java:150)\r\n\tat org.testng.Assert.assertEquals(Assert.java:132)\r\n\tat org.testng.Assert.assertEquals(Assert.java:1419)\r\n\tat org.testng.Assert.assertEquals(Assert.java:1383)\r\n\tat com.APIAutomation.stepdefinitions.post.PostBooksStepDefinitions.verifyStatusCode(PostBooksStepDefinitions.java:63)\r\n\tat ✽.the response status code should be 400(file:///E:/Github%20Desktop/ITQA-API-Testing/src/test/resources/features/1create_books.feature:21)\r\n"},"stage":"finished","steps":[{"name":"Given  I am logged in as \"admin\" with password \"password\" to post as \"admin\"","status":"passed","statusDetails":{"known":false,"muted":false,"flaky":false},"stage":"finished","steps":[],"attachments":[],"parameters":[],"start":1735714638503,"stop":1735714638519},{"name":"When  I send a POST request to \"/api/books\" with the following data:","status":"passed","statusDetails":{"known":false,"muted":false,"flaky":false},"stage":"finished","steps":[],"attachments":[{"name":"Data table","source":"8d40a534-cbdd-46f3-b668-b38c157562e0-attachment.csv","type":"text/tab-separated-values"}],"parameters":[],"start":1735714638519,"stop":1735714640591},{"name":"Then  the response status code should be 400","status":"failed","statusDetails":{"known":false,"muted":false,"flaky":false,"message":"Unexpected status code. Response body: {\"id\":2,\"title\":null,\"author\":\"Missing Title\"} expected [400] but found [201]","trace":"java.lang.AssertionError: Unexpected status code. Response body: {\"id\":2,\"title\":null,\"author\":\"Missing Title\"} expected [400] but found [201]\r\n\tat org.testng.Assert.fail(Assert.java:111)\r\n\tat org.testng.Assert.failNotEquals(Assert.java:1578)\r\n\tat org.testng.Assert.assertEqualsImpl(Assert.java:150)\r\n\tat org.testng.Assert.assertEquals(Assert.java:132)\r\n\tat org.testng.Assert.assertEquals(Assert.java:1419)\r\n\tat org.testng.Assert.assertEquals(Assert.java:1383)\r\n\tat com.APIAutomation.stepdefinitions.post.PostBooksStepDefinitions.verifyStatusCode(PostBooksStepDefinitions.java:63)\r\n\tat ✽.the response status code should be 400(file:///E:/Github%20Desktop/ITQA-API-Testing/src/test/resources/features/1create_books.feature:21)\r\n"},"stage":"finished","steps":[],"attachments":[],"parameters":[],"start":1735714640592,"stop":1735714640607}],"attachments":[],"parameters":[],"start":1735714638159,"stop":1735714640611}