-------------------------------------------------------------------------------
Test set: com.APIAutomation.runners.TestRunner
-------------------------------------------------------------------------------
Tests run: 6, Failures: 5, Errors: 0, Skipped: 0, Time elapsed: 3.519 s <<< FAILURE! -- in com.APIAutomation.runners.TestRunner
com.APIAutomation.runners.TestRunner.runScenario["Delete a book by ID as user", "Delete a book"](2) -- Time elapsed: 2.302 s <<< FAILURE!
java.lang.AssertionError: Delete request status code does not match expected:<401> but was:<200>
	at org.testng.AssertJUnit.fail(AssertJUnit.java:65)
	at org.testng.AssertJUnit.failNotEquals(AssertJUnit.java:467)
	at org.testng.AssertJUnit.assertEquals(AssertJUnit.java:88)
	at org.testng.AssertJUnit.assertEquals(AssertJUnit.java:318)
	at com.APIAutomation.stepdefinitions.delete.BookDeletionStepDefinition.verify_status_code(BookDeletionStepDefinition.java:63)
	at ✽.the response delete status code should be 401(file:///D:/IT%20Quality%20Assuarance/Assignment/ITQA-API-Testing/src/test/resources/features/delete_books.feature:13)

com.APIAutomation.runners.TestRunner.runScenario["Delete a book by ID as admin", "Delete a book"](3) -- Time elapsed: 2.303 s <<< FAILURE!
java.lang.AssertionError: Delete request status code does not match expected:<200> but was:<403>
	at org.testng.AssertJUnit.fail(AssertJUnit.java:65)
	at org.testng.AssertJUnit.failNotEquals(AssertJUnit.java:467)
	at org.testng.AssertJUnit.assertEquals(AssertJUnit.java:88)
	at org.testng.AssertJUnit.assertEquals(AssertJUnit.java:318)
	at com.APIAutomation.stepdefinitions.delete.BookDeletionStepDefinition.verify_status_code(BookDeletionStepDefinition.java:63)
	at ✽.the response delete status code should be 200(file:///D:/IT%20Quality%20Assuarance/Assignment/ITQA-API-Testing/src/test/resources/features/delete_books.feature:7)

com.APIAutomation.runners.TestRunner.runScenario["Book Creation by Different User Types", "Book Creation Scenarios"](5) -- Time elapsed: 2.314 s <<< FAILURE!
java.lang.AssertionError: Unexpected status code. Response body: Book Already Exists expected [201] but found [208]
	at org.testng.Assert.fail(Assert.java:111)
	at org.testng.Assert.failNotEquals(Assert.java:1578)
	at org.testng.Assert.assertEqualsImpl(Assert.java:150)
	at org.testng.Assert.assertEquals(Assert.java:132)
	at org.testng.Assert.assertEquals(Assert.java:1419)
	at org.testng.Assert.assertEquals(Assert.java:1383)
	at com.APIAutomation.stepdefinitions.post.PostBooksStepDefinitions.verifyStatusCode(PostBooksStepDefinitions.java:63)
	at ✽.the response status code should be 201(file:///D:/IT%20Quality%20Assuarance/Assignment/ITQA-API-Testing/src/test/resources/features/create_books.feature:9)

com.APIAutomation.runners.TestRunner.runScenario["Book Creation by Different User Types", "Book Creation Scenarios"](4) -- Time elapsed: 2.315 s <<< FAILURE!
java.lang.AssertionError: Unexpected status code. Response body: Book Already Exists expected [201] but found [208]
	at org.testng.Assert.fail(Assert.java:111)
	at org.testng.Assert.failNotEquals(Assert.java:1578)
	at org.testng.Assert.assertEqualsImpl(Assert.java:150)
	at org.testng.Assert.assertEquals(Assert.java:132)
	at org.testng.Assert.assertEquals(Assert.java:1419)
	at org.testng.Assert.assertEquals(Assert.java:1383)
	at com.APIAutomation.stepdefinitions.post.PostBooksStepDefinitions.verifyStatusCode(PostBooksStepDefinitions.java:63)
	at ✽.the response status code should be 201(file:///D:/IT%20Quality%20Assuarance/Assignment/ITQA-API-Testing/src/test/resources/features/create_books.feature:9)

com.APIAutomation.runners.TestRunner.runScenario["Book Creation by Different User Types", "Book Creation Scenarios"](6) -- Time elapsed: 2.315 s <<< FAILURE!
java.lang.AssertionError: Unexpected status code. Response body: Book Already Exists expected [201] but found [208]
	at org.testng.Assert.fail(Assert.java:111)
	at org.testng.Assert.failNotEquals(Assert.java:1578)
	at org.testng.Assert.assertEqualsImpl(Assert.java:150)
	at org.testng.Assert.assertEquals(Assert.java:132)
	at org.testng.Assert.assertEquals(Assert.java:1419)
	at org.testng.Assert.assertEquals(Assert.java:1383)
	at com.APIAutomation.stepdefinitions.post.PostBooksStepDefinitions.verifyStatusCode(PostBooksStepDefinitions.java:63)
	at ✽.the response status code should be 201(file:///D:/IT%20Quality%20Assuarance/Assignment/ITQA-API-Testing/src/test/resources/features/create_books.feature:9)

