<?xml version="1.0" encoding="UTF-8"?>
<testng-results ignored="0" total="6" passed="4" failed="2" skipped="0">
  <reporter-output>
  </reporter-output>
  <suite started-at="2024-12-23T11:41:30 IST" name="Default suite" finished-at="2024-12-23T11:41:35 IST" duration-ms="4628">
    <groups>
      <group name="cucumber">
        <method signature="AbstractTestNGCucumberTests.runScenario(io.cucumber.testng.PickleWrapper,io.cucumber.testng.FeatureWrapper)[pri:0, instance:com.APIAutomation.runners.TestRunner@58ea606c]" name="runScenario" class="io.cucumber.testng.AbstractTestNGCucumberTests"/>
      </group> <!-- cucumber -->
    </groups>
    <test started-at="2024-12-23T11:41:30 IST" name="Default test" finished-at="2024-12-23T11:41:35 IST" duration-ms="4628">
      <class name="com.APIAutomation.runners.TestRunner">
        <test-method is-config="true" signature="setUpClass(org.testng.ITestContext)[pri:0, instance:com.APIAutomation.runners.TestRunner@58ea606c]" started-at="2024-12-23T11:41:31 IST" name="setUpClass" finished-at="2024-12-23T11:41:31 IST" duration-ms="698" status="PASS">
          <params>
            <param index="0">
              <value>
                <![CDATA[org.testng.TestRunner@5118388b]]>
              </value>
            </param>
          </params>
          <reporter-output>
          </reporter-output>
        </test-method> <!-- setUpClass -->
        <test-method signature="runScenario(io.cucumber.testng.PickleWrapper,io.cucumber.testng.FeatureWrapper)[pri:0, instance:com.APIAutomation.runners.TestRunner@58ea606c]" started-at="2024-12-23T11:41:31 IST" name="runScenario" description="Runs Cucumber Scenarios" data-provider="scenarios" finished-at="2024-12-23T11:41:34 IST" duration-ms="3141" status="PASS">
          <params>
            <param index="0">
              <value>
                <![CDATA["Book Creation by Different User Types"]]>
              </value>
            </param>
            <param index="1">
              <value>
                <![CDATA["Book Creation Scenarios"]]>
              </value>
            </param>
          </params>
          <reporter-output>
          </reporter-output>
        </test-method> <!-- runScenario -->
        <test-method signature="runScenario(io.cucumber.testng.PickleWrapper,io.cucumber.testng.FeatureWrapper)[pri:0, instance:com.APIAutomation.runners.TestRunner@58ea606c]" started-at="2024-12-23T11:41:31 IST" name="runScenario" description="Runs Cucumber Scenarios" data-provider="scenarios" finished-at="2024-12-23T11:41:35 IST" duration-ms="3777" status="PASS">
          <params>
            <param index="0">
              <value>
                <![CDATA["Book Creation by Different User Types"]]>
              </value>
            </param>
            <param index="1">
              <value>
                <![CDATA["Book Creation Scenarios"]]>
              </value>
            </param>
          </params>
          <reporter-output>
          </reporter-output>
        </test-method> <!-- runScenario -->
        <test-method signature="runScenario(io.cucumber.testng.PickleWrapper,io.cucumber.testng.FeatureWrapper)[pri:0, instance:com.APIAutomation.runners.TestRunner@58ea606c]" started-at="2024-12-23T11:41:31 IST" name="runScenario" description="Runs Cucumber Scenarios" data-provider="scenarios" finished-at="2024-12-23T11:41:35 IST" duration-ms="3777" status="PASS">
          <params>
            <param index="0">
              <value>
                <![CDATA["Book Creation by Different User Types"]]>
              </value>
            </param>
            <param index="1">
              <value>
                <![CDATA["Book Creation Scenarios"]]>
              </value>
            </param>
          </params>
          <reporter-output>
          </reporter-output>
        </test-method> <!-- runScenario -->
        <test-method signature="runScenario(io.cucumber.testng.PickleWrapper,io.cucumber.testng.FeatureWrapper)[pri:0, instance:com.APIAutomation.runners.TestRunner@58ea606c]" started-at="2024-12-23T11:41:31 IST" name="runScenario" description="Runs Cucumber Scenarios" data-provider="scenarios" finished-at="2024-12-23T11:41:35 IST" duration-ms="3777" status="PASS">
          <params>
            <param index="0">
              <value>
                <![CDATA["Book Creation by Different User Types"]]>
              </value>
            </param>
            <param index="1">
              <value>
                <![CDATA["Book Creation Scenarios"]]>
              </value>
            </param>
          </params>
          <reporter-output>
          </reporter-output>
        </test-method> <!-- runScenario -->
        <test-method signature="runScenario(io.cucumber.testng.PickleWrapper,io.cucumber.testng.FeatureWrapper)[pri:0, instance:com.APIAutomation.runners.TestRunner@58ea606c]" started-at="2024-12-23T11:41:31 IST" name="runScenario" description="Runs Cucumber Scenarios" data-provider="scenarios" finished-at="2024-12-23T11:41:34 IST" duration-ms="2952" status="FAIL">
          <params>
            <param index="0">
              <value>
                <![CDATA["Delete a book by ID as admin"]]>
              </value>
            </param>
            <param index="1">
              <value>
                <![CDATA["Delete a book"]]>
              </value>
            </param>
          </params>
          <exception class="java.lang.AssertionError">
            <message>
              <![CDATA[Delete request status code does not match expected:<200> but was:<401>]]>
            </message>
            <full-stacktrace>
              <![CDATA[java.lang.AssertionError: Delete request status code does not match expected:<200> but was:<401>
at org.testng.AssertJUnit.fail(AssertJUnit.java:65)
at org.testng.AssertJUnit.failNotEquals(AssertJUnit.java:467)
at org.testng.AssertJUnit.assertEquals(AssertJUnit.java:88)
at org.testng.AssertJUnit.assertEquals(AssertJUnit.java:318)
at com.APIAutomation.stepdefinitions.delete.BookDeletionStepDefinition.verify_status_code(BookDeletionStepDefinition.java:63)
at ✽.the response delete status code should be 200(file:///D:/IT%20Quality%20Assuarance/Assignment/ITQA-API-Testing/src/test/resources/features/delete_books.feature:7)
]]>
            </full-stacktrace>
          </exception> <!-- java.lang.AssertionError -->
          <reporter-output>
          </reporter-output>
        </test-method> <!-- runScenario -->
        <test-method signature="runScenario(io.cucumber.testng.PickleWrapper,io.cucumber.testng.FeatureWrapper)[pri:0, instance:com.APIAutomation.runners.TestRunner@58ea606c]" started-at="2024-12-23T11:41:31 IST" name="runScenario" description="Runs Cucumber Scenarios" data-provider="scenarios" finished-at="2024-12-23T11:41:35 IST" duration-ms="3352" status="FAIL">
          <params>
            <param index="0">
              <value>
                <![CDATA["Delete a book by ID as user"]]>
              </value>
            </param>
            <param index="1">
              <value>
                <![CDATA["Delete a book"]]>
              </value>
            </param>
          </params>
          <exception class="java.lang.AssertionError">
            <message>
              <![CDATA[Delete request status code does not match expected:<401> but was:<404>]]>
            </message>
            <full-stacktrace>
              <![CDATA[java.lang.AssertionError: Delete request status code does not match expected:<401> but was:<404>
at org.testng.AssertJUnit.fail(AssertJUnit.java:65)
at org.testng.AssertJUnit.failNotEquals(AssertJUnit.java:467)
at org.testng.AssertJUnit.assertEquals(AssertJUnit.java:88)
at org.testng.AssertJUnit.assertEquals(AssertJUnit.java:318)
at com.APIAutomation.stepdefinitions.delete.BookDeletionStepDefinition.verify_status_code(BookDeletionStepDefinition.java:63)
at ✽.the response delete status code should be 401(file:///D:/IT%20Quality%20Assuarance/Assignment/ITQA-API-Testing/src/test/resources/features/delete_books.feature:13)
]]>
            </full-stacktrace>
          </exception> <!-- java.lang.AssertionError -->
          <reporter-output>
          </reporter-output>
        </test-method> <!-- runScenario -->
        <test-method is-config="true" signature="tearDownClass()[pri:0, instance:com.APIAutomation.runners.TestRunner@58ea606c]" started-at="2024-12-23T11:41:35 IST" name="tearDownClass" finished-at="2024-12-23T11:41:35 IST" duration-ms="83" status="PASS">
          <reporter-output>
          </reporter-output>
        </test-method> <!-- tearDownClass -->
      </class> <!-- com.APIAutomation.runners.TestRunner -->
    </test> <!-- Default test -->
  </suite> <!-- Default suite -->
</testng-results>
