<?xml version="1.0" encoding="UTF-8"?>
<!-- Generated by org.testng.reporters.JUnitReportReporter -->
<testsuite hostname="Buddhima-Kaushalya" failures="2" tests="6" name="com.APIAutomation.runners.TestRunner" time="20.776" errors="0" timestamp="2024-12-23T11:41:35 IST" skipped="0">
  <testcase classname="com.APIAutomation.runners.TestRunner" name="runScenario" time="3.141"/>
  <testcase classname="com.APIAutomation.runners.TestRunner" name="runScenario" time="2.952">
    <failure message="Delete request status code does not match expected:&lt;200&gt; but was:&lt;401&gt;" type="java.lang.AssertionError">
      <![CDATA[java.lang.AssertionError: Delete request status code does not match expected:<200> but was:<401>
at org.testng.AssertJUnit.fail(AssertJUnit.java:65)
at org.testng.AssertJUnit.failNotEquals(AssertJUnit.java:467)
at org.testng.AssertJUnit.assertEquals(AssertJUnit.java:88)
at org.testng.AssertJUnit.assertEquals(AssertJUnit.java:318)
at com.APIAutomation.stepdefinitions.delete.BookDeletionStepDefinition.verify_status_code(BookDeletionStepDefinition.java:63)
at ✽.the response delete status code should be 200(file:///D:/IT%20Quality%20Assuarance/Assignment/ITQA-API-Testing/src/test/resources/features/delete_books.feature:7)
]]>
    </failure>
  </testcase> <!-- runScenario -->
  <testcase classname="com.APIAutomation.runners.TestRunner" name="runScenario" time="3.777"/>
  <testcase classname="com.APIAutomation.runners.TestRunner" name="runScenario" time="3.777"/>
  <testcase classname="com.APIAutomation.runners.TestRunner" name="runScenario" time="3.352">
    <failure message="Delete request status code does not match expected:&lt;401&gt; but was:&lt;404&gt;" type="java.lang.AssertionError">
      <![CDATA[java.lang.AssertionError: Delete request status code does not match expected:<401> but was:<404>
at org.testng.AssertJUnit.fail(AssertJUnit.java:65)
at org.testng.AssertJUnit.failNotEquals(AssertJUnit.java:467)
at org.testng.AssertJUnit.assertEquals(AssertJUnit.java:88)
at org.testng.AssertJUnit.assertEquals(AssertJUnit.java:318)
at com.APIAutomation.stepdefinitions.delete.BookDeletionStepDefinition.verify_status_code(BookDeletionStepDefinition.java:63)
at ✽.the response delete status code should be 401(file:///D:/IT%20Quality%20Assuarance/Assignment/ITQA-API-Testing/src/test/resources/features/delete_books.feature:13)
]]>
    </failure>
  </testcase> <!-- runScenario -->
  <testcase classname="com.APIAutomation.runners.TestRunner" name="runScenario" time="3.777"/>
</testsuite> <!-- com.APIAutomation.runners.TestRunner -->
