<?xml version="1.0" encoding="UTF-8"?>
<!-- Generated by org.testng.reporters.JUnitReportReporter -->
<testsuite hostname="Buddhima-Kaushalya" failures="5" tests="6" name="com.APIAutomation.runners.TestRunner" time="13.786" errors="0" timestamp="2024-12-23T11:45:32 IST" skipped="0">
  <testcase classname="com.APIAutomation.runners.TestRunner" name="runScenario" time="2.309">
    <failure message="Unexpected status code. Response body: Book Already Exists expected [201] but found [208]" type="java.lang.AssertionError">
      <![CDATA[java.lang.AssertionError: Unexpected status code. Response body: Book Already Exists expected [201] but found [208]
at org.testng.Assert.fail(Assert.java:111)
at org.testng.Assert.failNotEquals(Assert.java:1578)
at org.testng.Assert.assertEqualsImpl(Assert.java:150)
at org.testng.Assert.assertEquals(Assert.java:132)
at org.testng.Assert.assertEquals(Assert.java:1419)
at org.testng.Assert.assertEquals(Assert.java:1383)
at com.APIAutomation.stepdefinitions.post.PostBooksStepDefinitions.verifyStatusCode(PostBooksStepDefinitions.java:63)
at ✽.the response status code should be 201(file:///D:/IT%20Quality%20Assuarance/Assignment/ITQA-API-Testing/src/test/resources/features/create_books.feature:9)
]]>
    </failure>
  </testcase> <!-- runScenario -->
  <testcase classname="com.APIAutomation.runners.TestRunner" name="runScenario" time="2.311">
    <failure message="Unexpected status code. Response body: Book Already Exists expected [201] but found [208]" type="java.lang.AssertionError">
      <![CDATA[java.lang.AssertionError: Unexpected status code. Response body: Book Already Exists expected [201] but found [208]
at org.testng.Assert.fail(Assert.java:111)
at org.testng.Assert.failNotEquals(Assert.java:1578)
at org.testng.Assert.assertEqualsImpl(Assert.java:150)
at org.testng.Assert.assertEquals(Assert.java:132)
at org.testng.Assert.assertEquals(Assert.java:1419)
at org.testng.Assert.assertEquals(Assert.java:1383)
at com.APIAutomation.stepdefinitions.post.PostBooksStepDefinitions.verifyStatusCode(PostBooksStepDefinitions.java:63)
at ✽.the response status code should be 201(file:///D:/IT%20Quality%20Assuarance/Assignment/ITQA-API-Testing/src/test/resources/features/create_books.feature:9)
]]>
    </failure>
  </testcase> <!-- runScenario -->
  <testcase classname="com.APIAutomation.runners.TestRunner" name="runScenario" time="2.287"/>
  <testcase classname="com.APIAutomation.runners.TestRunner" name="runScenario" time="2.285">
    <failure message="Delete request status code does not match expected:&lt;200&gt; but was:&lt;403&gt;" type="java.lang.AssertionError">
      <![CDATA[java.lang.AssertionError: Delete request status code does not match expected:<200> but was:<403>
at org.testng.AssertJUnit.fail(AssertJUnit.java:65)
at org.testng.AssertJUnit.failNotEquals(AssertJUnit.java:467)
at org.testng.AssertJUnit.assertEquals(AssertJUnit.java:88)
at org.testng.AssertJUnit.assertEquals(AssertJUnit.java:318)
at com.APIAutomation.stepdefinitions.delete.BookDeletionStepDefinition.verify_status_code(BookDeletionStepDefinition.java:63)
at ✽.the response delete status code should be 200(file:///D:/IT%20Quality%20Assuarance/Assignment/ITQA-API-Testing/src/test/resources/features/delete_books.feature:7)
]]>
    </failure>
  </testcase> <!-- runScenario -->
  <testcase classname="com.APIAutomation.runners.TestRunner" name="runScenario" time="2.309">
    <failure message="Unexpected status code. Response body: Book Already Exists expected [201] but found [208]" type="java.lang.AssertionError">
      <![CDATA[java.lang.AssertionError: Unexpected status code. Response body: Book Already Exists expected [201] but found [208]
at org.testng.Assert.fail(Assert.java:111)
at org.testng.Assert.failNotEquals(Assert.java:1578)
at org.testng.Assert.assertEqualsImpl(Assert.java:150)
at org.testng.Assert.assertEquals(Assert.java:132)
at org.testng.Assert.assertEquals(Assert.java:1419)
at org.testng.Assert.assertEquals(Assert.java:1383)
at com.APIAutomation.stepdefinitions.post.PostBooksStepDefinitions.verifyStatusCode(PostBooksStepDefinitions.java:63)
at ✽.the response status code should be 201(file:///D:/IT%20Quality%20Assuarance/Assignment/ITQA-API-Testing/src/test/resources/features/create_books.feature:9)
]]>
    </failure>
  </testcase> <!-- runScenario -->
  <testcase classname="com.APIAutomation.runners.TestRunner" name="runScenario" time="2.285">
    <failure message="Delete request status code does not match expected:&lt;401&gt; but was:&lt;200&gt;" type="java.lang.AssertionError">
      <![CDATA[java.lang.AssertionError: Delete request status code does not match expected:<401> but was:<200>
at org.testng.AssertJUnit.fail(AssertJUnit.java:65)
at org.testng.AssertJUnit.failNotEquals(AssertJUnit.java:467)
at org.testng.AssertJUnit.assertEquals(AssertJUnit.java:88)
at org.testng.AssertJUnit.assertEquals(AssertJUnit.java:318)
at com.APIAutomation.stepdefinitions.delete.BookDeletionStepDefinition.verify_status_code(BookDeletionStepDefinition.java:63)
at ✽.the response delete status code should be 401(file:///D:/IT%20Quality%20Assuarance/Assignment/ITQA-API-Testing/src/test/resources/features/delete_books.feature:13)
]]>
    </failure>
  </testcase> <!-- runScenario -->
</testsuite> <!-- com.APIAutomation.runners.TestRunner -->
